Build started 2014/7/14 16:58:51.
     1>Project "D:\学习\Year3\Term1\SFWR ENG 3GC3\project\GC3_Project_V2_0_PreRelease\GC3_Project_V1_1\GC3_Project_V1_1.vcxproj" on node 2 (Build target(s)).
     1>ClCompile:
         D:\私人\软件\Studio\program\VC\bin\CL.exe /c /Zi /nologo /W3 /WX- /O2 /Oi /Oy- /GL /D _MBCS /Gm- /EHsc /MT /GS /Gy /fp:precise /Zc:wchar_t /Zc:forScope /Fo"Release\\" /Fd"Release\vc110.pdb" /Gd /TP /analyze- /errorReport:prompt ..\Source.cpp
         Source.cpp
     1>d:\学习\year3\term1\sfwr eng 3gc3\project\gc3_project_v2_0_prerelease\textControls.h(35): warning C4018: '<' : signed/unsigned mismatch
     1>..\Source.cpp(843): warning C4996: 'sprintf': This function or variable may be unsafe. Consider using sprintf_s instead. To disable deprecation, use _CRT_SECURE_NO_WARNINGS. See online help for details.
                 D:\私人\软件\Studio\program\VC\include\stdio.h(357) : see declaration of 'sprintf'
     1>..\Source.cpp(845): warning C4996: 'sprintf': This function or variable may be unsafe. Consider using sprintf_s instead. To disable deprecation, use _CRT_SECURE_NO_WARNINGS. See online help for details.
                 D:\私人\软件\Studio\program\VC\include\stdio.h(357) : see declaration of 'sprintf'
     1>..\Source.cpp(847): warning C4996: 'sprintf': This function or variable may be unsafe. Consider using sprintf_s instead. To disable deprecation, use _CRT_SECURE_NO_WARNINGS. See online help for details.
                 D:\私人\软件\Studio\program\VC\include\stdio.h(357) : see declaration of 'sprintf'
     1>..\Source.cpp(849): warning C4996: 'sprintf': This function or variable may be unsafe. Consider using sprintf_s instead. To disable deprecation, use _CRT_SECURE_NO_WARNINGS. See online help for details.
                 D:\私人\软件\Studio\program\VC\include\stdio.h(357) : see declaration of 'sprintf'
     1>..\Source.cpp(851): warning C4996: 'sprintf': This function or variable may be unsafe. Consider using sprintf_s instead. To disable deprecation, use _CRT_SECURE_NO_WARNINGS. See online help for details.
                 D:\私人\软件\Studio\program\VC\include\stdio.h(357) : see declaration of 'sprintf'
       Link:
         D:\私人\软件\Studio\program\VC\bin\link.exe /ERRORREPORT:PROMPT /OUT:"D:\学习\Year3\Term1\SFWR ENG 3GC3\project\GC3_Project_V2_0_PreRelease\Release\GC3_Project_V1_1.exe" /NOLOGO kernel32.lib user32.lib gdi32.lib winspool.lib comdlg32.lib advapi32.lib shell32.lib ole32.lib oleaut32.lib uuid.lib odbc32.lib odbccp32.lib /MANIFEST /MANIFESTUAC:"level='asInvoker' uiAccess='false'" /manifest:embed /DEBUG /PDB:"D:\学习\Year3\Term1\SFWR ENG 3GC3\project\GC3_Project_V2_0_PreRelease\Release\GC3_Project_V1_1.pdb" /OPT:REF /OPT:ICF /LTCG /TLBID:1 /DYNAMICBASE /NXCOMPAT /IMPLIB:"D:\学习\Year3\Term1\SFWR ENG 3GC3\project\GC3_Project_V2_0_PreRelease\Release\GC3_Project_V1_1.lib" /MACHINE:X86 /SAFESEH Release\Source.obj
         Generating code
         Finished generating code
     1>glut32.lib(glut32.dll) : error LNK2026: module unsafe for SAFESEH image.
     1>glut32.lib(glut32.dll) : error LNK2026: module unsafe for SAFESEH image.
     1>glut32.lib(glut32.dll) : error LNK2026: module unsafe for SAFESEH image.
     1>glut32.lib(glut32.dll) : error LNK2026: module unsafe for SAFESEH image.
     1>glut32.lib(glut32.dll) : error LNK2026: module unsafe for SAFESEH image.
     1>glut32.lib(glut32.dll) : error LNK2026: module unsafe for SAFESEH image.
     1>glut32.lib(glut32.dll) : error LNK2026: module unsafe for SAFESEH image.
     1>glut32.lib(glut32.dll) : error LNK2026: module unsafe for SAFESEH image.
     1>glut32.lib(glut32.dll) : error LNK2026: module unsafe for SAFESEH image.
     1>glut32.lib(glut32.dll) : error LNK2026: module unsafe for SAFESEH image.
     1>glut32.lib(glut32.dll) : error LNK2026: module unsafe for SAFESEH image.
     1>glut32.lib(glut32.dll) : error LNK2026: module unsafe for SAFESEH image.
     1>glut32.lib(glut32.dll) : error LNK2026: module unsafe for SAFESEH image.
     1>glut32.lib(glut32.dll) : error LNK2026: module unsafe for SAFESEH image.
     1>glut32.lib(glut32.dll) : error LNK2026: module unsafe for SAFESEH image.
     1>glut32.lib(glut32.dll) : error LNK2026: module unsafe for SAFESEH image.
     1>glut32.lib(glut32.dll) : error LNK2026: module unsafe for SAFESEH image.
     1>glut32.lib(glut32.dll) : error LNK2026: module unsafe for SAFESEH image.
     1>D:\学习\Year3\Term1\SFWR ENG 3GC3\project\GC3_Project_V2_0_PreRelease\Release\GC3_Project_V1_1.exe : fatal error LNK1281: Unable to generate SAFESEH image.
     1>Done Building Project "D:\学习\Year3\Term1\SFWR ENG 3GC3\project\GC3_Project_V2_0_PreRelease\GC3_Project_V1_1\GC3_Project_V1_1.vcxproj" (Build target(s)) -- FAILED.

Build FAILED.

Time Elapsed 00:00:24.20
